<?xml version='1.0' encoding='UTF-8'?>
<testsuite hostname="DESKTOP-PDR4Q6K" name="io.datumo.recruitment.PairFinderTests" tests="3" errors="0" failures="0" skipped="0" time="0.089" timestamp="2022-07-28T21:14:15">
          <properties>
      <property name="java.specification.version" value="13"/><property name="sun.cpu.isalist" value="amd64"/><property name="sun.jnu.encoding" value="Cp1250"/><property name="sun.arch.data.model" value="64"/><property name="sbt.supershell" value="false"/><property name="java.vendor.url" value="http://www.azul.com/"/><property name="sun.boot.library.path" value="C:\Users\Max\.jdks\azul-13.0.11\bin"/><property name="sun.java.command" value="C:\Users\Max\AppData\Roaming\JetBrains\IdeaIC2021.3\plugins\Scala\launcher\sbt-launch.jar early(addPluginSbtFile=&quot;&quot;&quot;C:\Users\Max\AppData\Local\Temp\idea2.sbt&quot;&quot;&quot;) ; set ideaPort in Global := 50767 ; idea-shell"/><property name="jdk.debug" value="release"/><property name="sun.stderr.encoding" value="cp852"/><property name="java.specification.vendor" value="Oracle Corporation"/><property name="java.version.date" value="2022-04-19"/><property name="java.home" value="C:\Users\Max\.jdks\azul-13.0.11"/><property name="file.separator" value="\"/><property name="java.vm.compressedOopsMode" value="32-bit"/><property name="line.separator" value="
"/><property name="sun.stdout.encoding" value="cp852"/><property name="java.vm.specification.vendor" value="Oracle Corporation"/><property name="jdk.vendor.version" value="Zulu13.48+19-CA"/><property name="java.specification.name" value="Java Platform API Specification"/><property name="idea.installation.dir" value="E:\Program files\IntelliJ IDEA Community Edition 2021.3.3"/><property name="user.script" value=""/><property name="sun.management.compiler" value="HotSpot 64-Bit Tiered Compilers"/><property name="java.runtime.version" value="13.0.11+4-MTS"/><property name="user.name" value="Max"/><property name="log4j.ignoreTCL" value="true"/><property name="file.encoding" value="UTF-8"/><property name="jnidispatch.path" value="C:\Users\Max\AppData\Local\Temp\jna-77124\jna8584270644569250113.dll"/><property name="java.vendor.version" value="Zulu13.48+19-CA"/><property name="jna.loaded" value="true"/><property name="java.io.tmpdir" value="C:\Users\Max\AppData\Local\Temp\"/><property name="java.version" value="13.0.11"/><property name="java.vm.specification.name" value="Java Virtual Machine Specification"/><property name="sun.os.patch.level" value=""/><property name="java.library.path" value="C:\Users\Max\.jdks\azul-13.0.11\bin;C:\Windows\Sun\Java\bin;C:\Windows\system32;C:\Windows;C:\Program Files\Common Files\Oracle\Java\javapath;C:\Windows\system32;C:\Windows;C:\Windows\System32\Wbem;C:\Windows\System32\WindowsPowerShell\v1.0\;C:\Windows\System32\OpenSSH\;C:\Program Files\Intel\WiFi\bin\;C:\Program Files\Common Files\Intel\WirelessCommon\;C:\Program Files\Git\cmd;C:\Users\Max\AppData\Local\Microsoft\WindowsApps;C:\Program Files\Intel\WiFi\bin\;C:\Program Files\Common Files\Intel\WirelessCommon\;E:\Program files\IntelliJ IDEA Community Edition 2021.3.3\bin;;C:\hadoop\bin;;."/><property name="java.vendor" value="Azul Systems, Inc."/><property name="sun.io.unicode.encoding" value="UnicodeLittle"/><property name="java.class.path" value="C:\Users\Max\AppData\Roaming\JetBrains\IdeaIC2021.3\plugins\Scala\launcher\sbt-launch.jar"/><property name="java.vm.vendor" value="Azul Systems, Inc."/><property name="user.variant" value=""/><property name="jline.shutdownhook" value="false"/><property name="user.timezone" value="Europe/Warsaw"/><property name="java.vm.specification.version" value="13"/><property name="os.name" value="Windows 10"/><property name="sun.java.launcher" value="SUN_STANDARD"/><property name="user.country" value="PL"/><property name="sun.cpu.endian" value="little"/><property name="user.home" value="C:\Users\Max"/><property name="user.language" value="pl"/><property name="sbt.ipcsocket.tmpdir" value="C:\Users\Max\AppData\Local\Temp\.sbt\ipcsocket"/><property name="swoval.tmpdir" value="C:\Users\Max\AppData\Local\Temp\.sbt\swoval"/><property name="jline.esc.timeout" value="0"/><property name="path.separator" value=";"/><property name="os.version" value="10.0"/><property name="jna.nosys" value="true"/><property name="java.runtime.name" value="OpenJDK Runtime Environment"/><property name="sbt.log.noformat" value="true"/><property name="java.vm.name" value="OpenJDK 64-Bit Server VM"/><property name="java.vendor.url.bug" value="http://www.azul.com/support/"/><property name="user.dir" value="E:\SparkScalaCourse\Datumo_recruitment_assignment"/><property name="os.arch" value="amd64"/><property name="idea.managed" value="true"/><property name="java.vm.info" value="mixed mode, sharing"/><property name="java.vm.version" value="13.0.11+4-MTS"/><property name="java.class.version" value="57.0"/>
    </properties>
          <testcase classname="io.datumo.recruitment.PairFinderTests" name="PairFinder.task_algorithm() should return valid list of pair's" time="0.085">
                      
                    </testcase><testcase classname="io.datumo.recruitment.PairFinderTests" name="PairFinder.task_algorithm() should return empty List" time="0.001">
                      
                    </testcase><testcase classname="io.datumo.recruitment.PairFinderTests" name="PairFinder.task_algorithm() should return different output than Mock" time="0.003">
                      
                    </testcase>
          <system-out><![CDATA[]]></system-out>
          <system-err><![CDATA[]]></system-err>
        </testsuite>